<?xml version="1.0" encoding="UTF-8"?>
<!-- Generated by org.testng.reporters.JUnitXMLReporter -->
<testsuite ignored="6" hostname="Prasad-V" failures="0" tests="1" name="Test" time="19.195" errors="0" timestamp="2023-08-01T16:14:07 IST">
  <testcase classname="com.drillbit.testCases.TC_ChangePwd_002" name="changepwd" time="11.765"/>
  <testcase classname="com.drillbit.testCases.TC_similaritypdfreport_006" name="similaritypdfreport" time="0.0">
    <ignored/>
  </testcase> <!-- similaritypdfreport -->
  <testcase classname="com.drillbit.testCases.TC_ETE_007" name="ETE" time="0.0">
    <ignored/>
  </testcase> <!-- ETE -->
  <testcase classname="com.drillbit.testCases.TC_multipleFileUpload_005" name="multipleFileUpload" time="0.0">
    <ignored/>
  </testcase> <!-- multipleFileUpload -->
  <testcase classname="com.drillbit.testCases.TC_LoginTest_001" name="loginTest" time="0.0">
    <ignored/>
  </testcase> <!-- loginTest -->
  <testcase classname="com.drillbit.testCases.TC_CreateFolder_003" name="CreateFolder" time="0.0">
    <ignored/>
  </testcase> <!-- CreateFolder -->
  <testcase classname="com.drillbit.testCases.TC_SingleFileUpload_004" name="SingleFileUpload" time="0.0">
    <ignored/>
  </testcase> <!-- SingleFileUpload -->
</testsuite> <!-- Test -->
