<?xml version="1.0" encoding="UTF-8"?>
<!-- Generated by org.testng.reporters.JUnitXMLReporter -->
<testsuite ignored="0" hostname="Prasad-V" failures="1" tests="1" name="Test" time="7.344" errors="0" timestamp="2023-07-20T23:03:10 IST">
  <testcase classname="com.drillbit.testCases.TC_LoginTest_001" name="loginTest" time="1.627">
    <failure type="java.lang.AssertionError" message="expected [Prasa] but found [Prasad]">
      <![CDATA[java.lang.AssertionError: expected [Prasa] but found [Prasad]
at com.drillbit.testCases.TC_LoginTest_001.loginTest(TC_LoginTest_001.java:23)
at java.base/java.util.ArrayList.forEach(ArrayList.java:1511)
... Removed 33 stack frames]]>
    </failure>
  </testcase> <!-- loginTest -->
</testsuite> <!-- Test -->
