<?xml version="1.0" encoding="UTF-8"?>
<testng-results ignored="0" total="1" passed="1" failed="0" skipped="0">
  <reporter-output>
  </reporter-output>
  <suite started-at="2023-08-01T16:13:48 IST" name="drillbitframework" finished-at="2023-08-01T16:14:07 IST" duration-ms="19195">
    <groups>
    </groups>
    <test started-at="2023-08-01T16:13:48 IST" name="Test" finished-at="2023-08-01T16:14:07 IST" duration-ms="19195">
      <class name="com.drillbit.testCases.TC_ChangePwd_002">
        <test-method is-config="true" signature="setup(java.lang.String)[pri:0, instance:com.drillbit.testCases.TC_ChangePwd_002@43b4fe19]" started-at="2023-08-01T16:13:48 IST" name="setup" finished-at="2023-08-01T16:13:54 IST" duration-ms="6391" status="PASS">
          <params>
            <param index="0">
              <value>
                <![CDATA[chrome]]>
              </value>
            </param>
          </params>
          <reporter-output>
          </reporter-output>
        </test-method> <!-- setup -->
        <test-method signature="changepwd()[pri:0, instance:com.drillbit.testCases.TC_ChangePwd_002@43b4fe19]" started-at="2023-08-01T16:13:54 IST" name="changepwd" finished-at="2023-08-01T16:14:06 IST" duration-ms="11765" status="PASS">
          <reporter-output>
          </reporter-output>
        </test-method> <!-- changepwd -->
        <test-method is-config="true" signature="tearDown()[pri:0, instance:com.drillbit.testCases.TC_ChangePwd_002@43b4fe19]" started-at="2023-08-01T16:14:06 IST" name="tearDown" finished-at="2023-08-01T16:14:07 IST" duration-ms="956" status="PASS">
          <reporter-output>
          </reporter-output>
        </test-method> <!-- tearDown -->
      </class> <!-- com.drillbit.testCases.TC_ChangePwd_002 -->
    </test> <!-- Test -->
  </suite> <!-- drillbitframework -->
</testng-results>
